5 -7 86.1154
-1 -7 72.0749
5 -1 88.2995
-1 -1 82.2153
11 -7 87.2075
11 -1 87.9875
5 -13 72.2309
-1 -13 70.2028
11 -13 86.2715
-3 -7 70.2028
-3 -1 80.0312
-3 -13 70.2028
5 1 88.1435
-1 1 86.4275
11 1 87.0515
-3 1 79.7192
9 -7 87.3635
9 -1 88.2995
9 -13 78.0031
9 1 87.6755
5 -11 77.2231
-1 -11 70.2028
11 -11 87.2075
-3 -11 70.2028
9 -11 86.1154
3 -7 78.9392
3 -1 87.6755
3 -13 70.2028
3 1 88.6115
3 -11 72.2309
5 -5 87.3635
-1 -5 77.5351
11 -5 87.0515
-3 -5 71.6069
9 -5 86.7395
3 -5 86.7395
15 -7 86.7395
15 -1 87.6755
15 -13 87.2075
15 1 87.2075
15 -11 87.3635
15 -5 87.9875
5 -15 70.2028
-1 -15 70.2028
11 -15 78.0031
-3 -15 70.2028
9 -15 77.2231
3 -15 70.2028
15 -15 87.2075
-5 -7 70.2028
-5 -1 72.0749
-5 -13 70.2028
-5 1 70.2028
-5 -11 70.2028
-5 -5 70.2028
-5 -15 70.2028
5 3 88.1435
-1 3 88.9236
11 3 87.5195
-3 3 79.2512
9 3 87.8315
3 3 87.8315
15 3 86.8955
-5 3 70.2028
7 -7 87.3635
7 -1 88.1435
7 -13 77.2231
7 1 87.8315
7 -11 78.0031
7 -5 87.2075
7 -15 72.2309
7 3 88.2995
5 -9 78.1591
-1 -9 70.2028
11 -9 87.3635
-3 -9 70.2028
9 -9 87.2075
3 -9 77.2231
15 -9 86.8955
-5 -9 70.2028
7 -9 85.9594
1 -7 77.5351
1 -1 86.7395
1 -13 70.2028
1 1 87.9875
1 -11 70.2028
1 -5 81.4353
1 -15 70.2028
1 3 89.3916
1 -9 72.2309
5 -3 87.3635
-1 -3 81.1232
11 -3 88.2995
-3 -3 79.0952
9 -3 87.9875
3 -3 87.0515
15 -3 87.6755
-5 -3 70.2028
7 -3 87.3635
1 -3 85.9594
13 -7 86.7395
13 -1 87.9875
13 -13 87.2075
13 1 86.8955
13 -11 87.2075
13 -5 87.0515
13 -15 84.5554
13 3 86.8955
13 -9 87.3635
13 -3 88.2995
